20-08-2020 8.21.42 AM	This log contains information about the import schema operation into project 'DatabaseProject_4' on computer 'DESKTOP-MC6AFQ4' by user 'karthik.gopalaswamy'.
20-08-2020 8.21.42 AM	Import of database schema has started.
20-08-2020 8.21.47 AM	Gathering database options
20-08-2020 8.21.47 AM	Gathering users
20-08-2020 8.21.47 AM	Gathering roles
20-08-2020 8.21.47 AM	Gathering application roles
20-08-2020 8.21.47 AM	Gathering role memberships
20-08-2020 8.21.47 AM	Gathering filegroups
20-08-2020 8.21.47 AM	Gathering full-text catalogs
20-08-2020 8.21.47 AM	Gathering assemblies
20-08-2020 8.21.47 AM	Gathering certificates
20-08-2020 8.21.47 AM	Gathering asymmetric keys
20-08-2020 8.21.47 AM	Gathering symmetric keys
20-08-2020 8.21.47 AM	Gathering encrypted symmetric keys
20-08-2020 8.21.47 AM	Gathering schemas
20-08-2020 8.21.47 AM	Gathering XML schema collections
20-08-2020 8.21.47 AM	Gathering user-defined data types
20-08-2020 8.21.47 AM	Gathering user-defined types
20-08-2020 8.21.47 AM	Gathering table types
20-08-2020 8.21.47 AM	Gathering unique keys for table types
20-08-2020 8.21.47 AM	Gathering primary keys for table types
20-08-2020 8.21.47 AM	Gathering check constraints for table types
20-08-2020 8.21.47 AM	Gathering default constraints for table types
20-08-2020 8.21.47 AM	Gathering partition functions
20-08-2020 8.21.47 AM	Gathering partition schemes
20-08-2020 8.21.47 AM	Gathering functions
20-08-2020 8.21.47 AM	Gathering encrypted functions
20-08-2020 8.21.47 AM	Gathering aggregates
20-08-2020 8.21.47 AM	Gathering procedures
20-08-2020 8.21.47 AM	Gathering encrypted procedures
20-08-2020 8.21.47 AM	Gathering tables
20-08-2020 8.21.47 AM	Gathering primary keys
20-08-2020 8.21.47 AM	Gathering unique constraints
20-08-2020 8.21.47 AM	Gathering foreign keys
20-08-2020 8.21.47 AM	Gathering default constraints
20-08-2020 8.21.47 AM	Gathering check constraints
20-08-2020 8.21.47 AM	Gathering views
20-08-2020 8.21.47 AM	Gathering encrypted views
20-08-2020 8.21.47 AM	Gathering indexes
20-08-2020 8.21.47 AM	Gathering statistics
20-08-2020 8.21.47 AM	Gathering full-text index stoplists
20-08-2020 8.21.47 AM	Gathering full-text indexes
20-08-2020 8.21.47 AM	Gathering spatial indexes
20-08-2020 8.21.47 AM	Gathering XML indexes
20-08-2020 8.21.47 AM	Gathering encrypted triggers
20-08-2020 8.21.47 AM	Gathering triggers
20-08-2020 8.21.47 AM	Gathering encrypted and clr ddl triggers
20-08-2020 8.21.47 AM	Gathering ddl triggers
20-08-2020 8.21.47 AM	Gathering synonyms
20-08-2020 8.21.47 AM	Gathering defaults
20-08-2020 8.21.47 AM	Gathering data constraint uddt bindings
20-08-2020 8.21.47 AM	Gathering rules
20-08-2020 8.21.47 AM	Gathering data constraint uddt bindings
20-08-2020 8.21.47 AM	Gathering message types
20-08-2020 8.21.47 AM	Gathering queues
20-08-2020 8.21.47 AM	Gathering contracts
20-08-2020 8.21.47 AM	Gathering services
20-08-2020 8.21.47 AM	Gathering event notifications
20-08-2020 8.21.47 AM	Gathering remote service bindings
20-08-2020 8.21.47 AM	Gathering broker priorities
20-08-2020 8.21.47 AM	Gathering signatures
20-08-2020 8.21.47 AM	Gathering data compression options
20-08-2020 8.21.47 AM	Gathering extended properties
20-08-2020 8.21.47 AM	Gathering credentials
20-08-2020 8.21.47 AM	Gathering logins
20-08-2020 8.21.47 AM	Gathering server audits
20-08-2020 8.21.47 AM	Scanning project for duplicate elements
20-08-2020 8.21.47 AM	Finished duplicate element processing
20-08-2020 8.21.47 AM	Finished importing database.
20-08-2020 8.21.47 AM	A summary of the import was saved to the following location: C:\Users\karthik.gopalaswamy\OneDrive - Education First\Documents\Visual Studio 2015\Projects\DatabaseProject_4\DatabaseProject_4\Import Schema Logs\DatabaseProject_4_20200820025142.log
20-08-2020 8.21.47 AM	Click Finish to continue...
